Flutter/build/app/intermediates/manifest_merge_blame_file/debug/manifest-merger-blame-debug-report.txt
1<?xml version="1.0" encoding="utf-8"?>
2<manifest xmlns:android="http://schemas.android.com/apk/res/android"
3    package="com.example.try7"
4    android:versionCode="1"
5    android:versionName="1.0.0" >
6
7    <uses-sdk
8        android:minSdkVersion="16"
9        android:targetSdkVersion="28" />
10    <!--
11         Flutter needs it to communicate with the running application
12         to allow setting breakpoints, to provide hot reload, etc.
13    -->
14    <uses-permission android:name="android.permission.INTERNET" />
14-->src\debug\AndroidManifest.xml:6:5-66
14-->src\debug\AndroidManifest.xml:6:22-64
15    <!--
16     io.flutter.app.FlutterApplication is an android.app.Application that
17         calls FlutterMain.startInitialization(this); in its onCreate method.
18         In most cases you can leave this as-is, but you if you want to provide
19         additional functionality it is fine to subclass or reimplement
20         FlutterApplication and put your custom class here.
21    -->
22    <uses-permission android:name="android.permission.WRITE_EXTERNAL_STORAGE" />
22-->src\main\AndroidManifest.xml:8:9-85
22-->src\main\AndroidManifest.xml:8:26-82
23    <uses-permission android:name="android.permission.ACCESS_FINE_LOCATION" />
23-->src\main\AndroidManifest.xml:9:9-83
23-->src\main\AndroidManifest.xml:9:26-80
24    <uses-permission android:name="android.permission.RECORD_AUDIO" />
24-->src\main\AndroidManifest.xml:11:9-75
24-->src\main\AndroidManifest.xml:11:26-72
25    <uses-permission android:name="android.permission.CALL_PHONE" />
25-->src\main\AndroidManifest.xml:12:9-73
25-->src\main\AndroidManifest.xml:12:26-70
26    <uses-permission android:name="android.permission.PROCESS_OUTGOING_CALLS" />
26-->src\main\AndroidManifest.xml:13:9-85
26-->src\main\AndroidManifest.xml:13:26-82
27    <uses-permission android:name="android.permission.READ_PHONE_STATE" />
27-->src\main\AndroidManifest.xml:14:9-79
27-->src\main\AndroidManifest.xml:14:26-76
28    <uses-permission android:name="android.permission.MODIFY_AUDIO_SETTINGS" />
28-->src\main\AndroidManifest.xml:15:9-83
28-->src\main\AndroidManifest.xml:15:26-81
29    <uses-permission android:name="android.permission.READ_CALL_LOG" /> <!-- Include required permissions for Google Maps API to run. -->
29-->[:call_log] AndroidManifest.xml:7:5-72
29-->[:call_log] AndroidManifest.xml:7:22-69
30    <uses-permission android:name="android.permission.ACCESS_NETWORK_STATE" />
30-->[com.google.android.gms:play-services-maps:17.0.0] AndroidManifest.xml:23:5-79
30-->[com.google.android.gms:play-services-maps:17.0.0] AndroidManifest.xml:23:22-76
31
32    <uses-feature
32-->[com.google.android.gms:play-services-maps:17.0.0] AndroidManifest.xml:26:5-28:35
33        android:glEsVersion="0x00020000"
33-->[com.google.android.gms:play-services-maps:17.0.0] AndroidManifest.xml:27:9-41
34        android:required="true" />
34-->[com.google.android.gms:play-services-maps:17.0.0] AndroidManifest.xml:28:9-32
35
36    <application
36-->src\main\AndroidManifest.xml:19:5-54:19
37        android:name="io.flutter.app.FlutterApplication"
37-->src\main\AndroidManifest.xml:20:9-57
38        android:appComponentFactory="androidx.core.app.CoreComponentFactory"
38-->[androidx.core:core:1.2.0] AndroidManifest.xml:24:18-86
39        android:debuggable="true"
40        android:icon="@mipmap/ic_launcher"
40-->src\main\AndroidManifest.xml:23:9-43
41        android:label="IVCRM"
41-->src\main\AndroidManifest.xml:21:9-30
42        android:usesCleartextTraffic="true" >
42-->src\main\AndroidManifest.xml:22:9-44
43        <meta-data
43-->src\main\AndroidManifest.xml:24:9-26:71
44            android:name="com.google.android.geo.API_KEY"
44-->src\main\AndroidManifest.xml:25:13-58
45            android:value="AIzaSyAxR3G2A35RGiPgIgkZ9bSn2c4wGX91dZQ" />
45-->src\main\AndroidManifest.xml:26:13-68
46
47        <activity
47-->src\main\AndroidManifest.xml:27:9-38:20
48            android:name="com.example.try7.MainActivity"
48-->src\main\AndroidManifest.xml:28:13-41
49            android:configChanges="orientation|keyboardHidden|keyboard|screenSize|smallestScreenSize|locale|layoutDirection|fontScale|screenLayout|density|uiMode"
49-->src\main\AndroidManifest.xml:31:13-163
50            android:hardwareAccelerated="true"
50-->src\main\AndroidManifest.xml:32:13-47
51            android:launchMode="singleTop"
51-->src\main\AndroidManifest.xml:29:13-43
52            android:theme="@style/LaunchTheme"
52-->src\main\AndroidManifest.xml:30:13-47
53            android:windowSoftInputMode="adjustResize" >
53-->src\main\AndroidManifest.xml:33:13-55
54            <intent-filter>
54-->src\main\AndroidManifest.xml:34:13-37:29
55                <action android:name="android.intent.action.MAIN" />
55-->src\main\AndroidManifest.xml:35:17-68
55-->src\main\AndroidManifest.xml:35:25-66
56
57                <category android:name="android.intent.category.LAUNCHER" />
57-->src\main\AndroidManifest.xml:36:17-76
57-->src\main\AndroidManifest.xml:36:27-74
58            </intent-filter>
59        </activity>
60        <!--
61             Don't delete the meta-data below.
62             This is used by the Flutter tool to generate GeneratedPluginRegistrant.java
63        -->
64        <meta-data
64-->src\main\AndroidManifest.xml:41:9-43:33
65            android:name="flutterEmbedding"
65-->src\main\AndroidManifest.xml:42:13-44
66            android:value="2" />
66-->src\main\AndroidManifest.xml:43:13-30
67
68        <provider
69            android:name="androidx.core.content.FileProvider"
70            android:authorities="com.example.try7.provider"
71            android:exported="false"
72            android:grantUriPermissions="true" >
73            <meta-data
74                android:name="android.support.FILE_PROVIDER_PATHS"
75                android:resource="@xml/provider_paths" />
76        </provider>
77        <!-- Needs to be explicitly declared on P+ -->
78        <uses-library
78-->[com.google.android.gms:play-services-maps:17.0.0] AndroidManifest.xml:33:9-35:40
79            android:name="org.apache.http.legacy"
79-->[com.google.android.gms:play-services-maps:17.0.0] AndroidManifest.xml:34:13-50
80            android:required="false" />
80-->[com.google.android.gms:play-services-maps:17.0.0] AndroidManifest.xml:35:13-37
81
82        <activity
82-->[com.google.android.gms:play-services-base:17.0.0] AndroidManifest.xml:23:9-26:75
83            android:name="com.google.android.gms.common.api.GoogleApiActivity"
83-->[com.google.android.gms:play-services-base:17.0.0] AndroidManifest.xml:24:13-79
84            android:exported="false"
84-->[com.google.android.gms:play-services-base:17.0.0] AndroidManifest.xml:25:13-37
85            android:theme="@android:style/Theme.Translucent.NoTitleBar" />
85-->[com.google.android.gms:play-services-base:17.0.0] AndroidManifest.xml:26:13-72
86
87        <meta-data
87-->[com.google.android.gms:play-services-basement:17.0.0] AndroidManifest.xml:23:9-25:69
88            android:name="com.google.android.gms.version"
88-->[com.google.android.gms:play-services-basement:17.0.0] AndroidManifest.xml:24:13-58
89            android:value="@integer/google_play_services_version" />
89-->[com.google.android.gms:play-services-basement:17.0.0] AndroidManifest.xml:25:13-66
90    </application>
91
92</manifest>